2023-03-05T00:05:42.7480478 I/O error on GET request for "http://localhost:8080/transfers/2001/pending": Connection refused: connect; nested exception is java.net.ConnectException: Connection refused: connect
2023-03-05T00:44:34.2509464 I/O error on POST request for "http://localhost:8080/login": Connection refused: connect; nested exception is java.net.ConnectException: Connection refused: connect
2023-03-05T00:51:47.8686297 401 : [no body]
2023-03-05T02:14:10.265212 500 : [{"timestamp":"2023-03-05T08:14:10.155+00:00","status":500,"error":"Internal Server Error","message":"Cannot invoke \"com.techelevator.tenmo.model.Account.getAccount_Id()\" because \"acc\" is null","path":"/transfers/0/pending"}]
2023-03-05T02:35:19.4720096 500 : [{"timestamp":"2023-03-05T08:35:19.342+00:00","status":500,"error":"Internal Server Error","message":"Cannot invoke \"com.techelevator.tenmo.model.Account.getAccount_Id()\" because \"acc\" is null","path":"/transfers/0/pending"}]
2023-03-05T02:45:54.1543011 500 : [{"timestamp":"2023-03-05T08:45:54.093+00:00","status":500,"error":"Internal Server Error","message":"Cannot invoke \"java.util.List.get(int)\" because \"trans\" is null","path":"/transfers/0"}]
2023-03-05T20:28:27.9796079 500 : [{"timestamp":"2023-03-06T01:28:27.966+00:00","status":500,"error":"Internal Server Error","message":"class [Ljava.lang.Object; cannot be cast to class [Lcom.techelevator.tenmo.model.Transfer; ([Ljava.... (451 bytes)]
2023-03-05T20:30:48.352368 500 : [{"timestamp":"2023-03-06T01:30:48.337+00:00","status":500,"error":"Internal Server Error","message":"class [Ljava.lang.Object; cannot be cast to class [Lcom.techelevator.tenmo.model.Transfer; ([Ljava.... (451 bytes)]
2023-03-05T20:32:26.4615234 500 : [{"timestamp":"2023-03-06T01:32:12.208+00:00","status":500,"error":"Internal Server Error","message":"class [Ljava.lang.Object; cannot be cast to class [Lcom.techelevator.tenmo.model.Transfer; ([Ljava.... (451 bytes)]
2023-03-05T20:37:48.2630589 500 : [{"timestamp":"2023-03-06T01:37:48.249+00:00","status":500,"error":"Internal Server Error","message":"Cannot invoke \"java.util.List.size()\" because \"trans\" is null","path":"/transfers/1"}]
2023-03-05T21:06:21.6765028 500 : [{"timestamp":"2023-03-06T02:06:21.662+00:00","status":500,"error":"Internal Server Error","message":"Cannot invoke \"java.util.List.size()\" because \"trans\" is null","path":"/transfers/1"}]
2023-03-05T21:14:46.8489453 500 : [{"timestamp":"2023-03-06T02:14:46.837+00:00","status":500,"error":"Internal Server Error","message":"Cannot invoke \"java.util.List.size()\" because \"trans\" is null","path":"/transfers/1"}]
2023-03-05T21:17:14.0258376 500 : [{"timestamp":"2023-03-06T02:17:14.014+00:00","status":500,"error":"Internal Server Error","message":"Cannot invoke \"java.util.List.size()\" because \"trans\" is null","path":"/transfers/1"}]
2023-03-05T21:34:54.8506489 500 : [{"timestamp":"2023-03-06T02:34:54.839+00:00","status":500,"error":"Internal Server Error","message":"Cannot invoke \"java.util.List.size()\" because \"trans\" is null","path":"/transfers/1"}]
2023-03-05T21:35:43.6947541 500 : [{"timestamp":"2023-03-06T02:35:43.684+00:00","status":500,"error":"Internal Server Error","message":"Index 6 out of bounds for length 6","path":"/transfers/2004/pending"}]
2023-03-05T21:39:23.0926994 I/O error on GET request for "http://localhost:8080/transfers/2004/pending": Connection refused: connect; nested exception is java.net.ConnectException: Connection refused: connect
2023-03-05T21:49:04.1633939 500 : [{"timestamp":"2023-03-06T02:49:04.148+00:00","status":500,"error":"Internal Server Error","message":"Cannot invoke \"java.util.List.size()\" because \"trans\" is null","path":"/transfers/1"}]
2023-03-05T22:16:34.0034424 401 : [{"timestamp":"2023-03-06T03:16:33.970+00:00","status":401,"error":"Unauthorized","message":"The username: q was not found.","path":"/transfers/q"}]
2023-03-05T23:07:45.8915948 I/O error on GET request for "http://localhost:8080/transfers/2001/pending": Connection refused: connect; nested exception is java.net.ConnectException: Connection refused: connect
2023-03-05T23:24:51.0651884 401 : [no body]
2023-03-05T23:37:33.3469516 I/O error on GET request for "http://localhost:8080/transfers/2001/pending": Connection refused: connect; nested exception is java.net.ConnectException: Connection refused: connect
